Using pre-set license
Built from '2021.3/staging' branch; Version is '2021.3.15f1 (e8e88683f834) revision 15263878'; Using compiler version '192829333'; Build Type 'Release'
OS: 'Windows 10  (10.0.19045) 64bit Professional' Language: 'pt' Physical Memory: 7606 MB
BatchMode: 1, IsHumanControllingUs: 0, StartBugReporterOnCrash: 0, Is64bit: 1, IsPro: 1

COMMAND LINE ARGUMENTS:
C:\Program Files\Unity\Hub\Editor\2021.3.15f1\Editor\Unity.exe
-adb2
-batchMode
-noUpm
-name
AssetImportWorker0
-projectPath
C:/Users/PC/Desktop/gamedev
-logFile
Logs/AssetImportWorker0.log
-srvPort
62549
Successfully changed project path to: C:/Users/PC/Desktop/gamedev
C:/Users/PC/Desktop/gamedev
[UnityMemory] Configuration Parameters - Can be set up in boot.config
    "memorysetup-bucket-allocator-granularity=16"
    "memorysetup-bucket-allocator-bucket-count=8"
    "memorysetup-bucket-allocator-block-size=33554432"
    "memorysetup-bucket-allocator-block-count=8"
    "memorysetup-main-allocator-block-size=16777216"
    "memorysetup-thread-allocator-block-size=16777216"
    "memorysetup-gfx-main-allocator-block-size=16777216"
    "memorysetup-gfx-thread-allocator-block-size=16777216"
    "memorysetup-cache-allocator-block-size=4194304"
    "memorysetup-typetree-allocator-block-size=2097152"
    "memorysetup-profiler-bucket-allocator-granularity=16"
    "memorysetup-profiler-bucket-allocator-bucket-count=8"
    "memorysetup-profiler-bucket-allocator-block-size=33554432"
    "memorysetup-profiler-bucket-allocator-block-count=8"
    "memorysetup-profiler-allocator-block-size=16777216"
    "memorysetup-profiler-editor-allocator-block-size=1048576"
    "memorysetup-temp-allocator-size-main=16777216"
    "memorysetup-job-temp-allocator-block-size=2097152"
    "memorysetup-job-temp-allocator-block-size-background=1048576"
    "memorysetup-job-temp-allocator-reduction-small-platforms=262144"
    "memorysetup-temp-allocator-size-background-worker=32768"
    "memorysetup-temp-allocator-size-job-worker=262144"
    "memorysetup-temp-allocator-size-preload-manager=33554432"
    "memorysetup-temp-allocator-size-nav-mesh-worker=65536"
    "memorysetup-temp-allocator-size-audio-worker=65536"
    "memorysetup-temp-allocator-size-cloud-worker=32768"
    "memorysetup-temp-allocator-size-gi-baking-worker=262144"
    "memorysetup-temp-allocator-size-gfx=262144"
Player connection [29232] Host "[IP] 192.168.1.2 [Port] 0 [Flags] 2 [Guid] 229579084 [EditorId] 229579084 [Version] 1048832 [Id] WindowsEditor(7,DESKTOP-2R3TM4N) [Debug] 1 [PackageName] WindowsEditor [ProjectName] Editor" joined multi-casting on [225.0.0.222:54997]...

Player connection [29232] Host "[IP] 192.168.1.2 [Port] 0 [Flags] 2 [Guid] 229579084 [EditorId] 229579084 [Version] 1048832 [Id] WindowsEditor(7,DESKTOP-2R3TM4N) [Debug] 1 [PackageName] WindowsEditor [ProjectName] Editor" joined alternative multi-casting on [225.0.0.222:34997]...

Refreshing native plugins compatible for Editor in 37.05 ms, found 6 plugins.
Preloading 0 native plugins for Editor in 0.00 ms.
Initialize engine version: 2021.3.15f1 (e8e88683f834)
[Subsystems] Discovering subsystems at path C:/Program Files/Unity/Hub/Editor/2021.3.15f1/Editor/Data/Resources/UnitySubsystems
[Subsystems] Discovering subsystems at path C:/Users/PC/Desktop/gamedev/Assets
GfxDevice: creating device client; threaded=0; jobified=0
Direct3D:
    Version:  Direct3D 11.0 [level 11.1]
    Renderer: NVIDIA GeForce RTX 4060 (ID=0x2882)
    Vendor:   NVIDIA
    VRAM:     7971 MB
    Driver:   31.0.15.3640
Initialize mono
Mono path[0] = 'C:/Program Files/Unity/Hub/Editor/2021.3.15f1/Editor/Data/Managed'
Mono path[1] = 'C:/Program Files/Unity/Hub/Editor/2021.3.15f1/Editor/Data/MonoBleedingEdge/lib/mono/unityjit-win32'
Mono config path = 'C:/Program Files/Unity/Hub/Editor/2021.3.15f1/Editor/Data/MonoBleedingEdge/etc'
Using monoOptions --debugger-agent=transport=dt_socket,embedding=1,server=y,suspend=n,address=127.0.0.1:56972
Begin MonoManager ReloadAssembly
Registering precompiled unity dll's ...
Register platform support module: C:/Program Files/Unity/Hub/Editor/2021.3.15f1/Editor/Data/PlaybackEngines/WindowsStandaloneSupport/UnityEditor.WindowsStandalone.Extensions.dll
Registered in 0.008562 seconds.
Native extension for WindowsStandalone target not found
Refreshing native plugins compatible for Editor in 34.06 ms, found 6 plugins.
Preloading 0 native plugins for Editor in 0.00 ms.
Mono: successfully reloaded assembly
- Completed reload, in  0.501 seconds
Domain Reload Profiling:
	ReloadAssembly (502ms)
		BeginReloadAssembly (76ms)
			ExecutionOrderSort (0ms)
			DisableScriptedObjects (0ms)
			BackupInstance (0ms)
			ReleaseScriptingObjects (0ms)
			CreateAndSetChildDomain (1ms)
		EndReloadAssembly (331ms)
			LoadAssemblies (73ms)
			RebuildTransferFunctionScriptingTraits (0ms)
			SetupTypeCache (85ms)
			ReleaseScriptCaches (0ms)
			RebuildScriptCaches (20ms)
			SetupLoadedEditorAssemblies (183ms)
				LogAssemblyErrors (0ms)
				InitializePlatformSupportModulesInManaged (7ms)
				SetLoadedEditorAssemblies (0ms)
				RefreshPlugins (34ms)
				BeforeProcessingInitializeOnLoad (1ms)
				ProcessInitializeOnLoadAttributes (101ms)
				ProcessInitializeOnLoadMethodAttributes (40ms)
				AfterProcessingInitializeOnLoad (0ms)
				EditorAssembliesLoaded (0ms)
			ExecutionOrderSort2 (0ms)
			AwakeInstancesAfterBackupRestoration (0ms)
Platform modules already initialized, skipping
Registering precompiled user dll's ...
Registered in 0.030008 seconds.
Begin MonoManager ReloadAssembly
Native extension for WindowsStandalone target not found
Refreshing native plugins compatible for Editor in 34.73 ms, found 6 plugins.
Preloading 0 native plugins for Editor in 0.00 ms.
Mono: successfully reloaded assembly
- Completed reload, in  0.945 seconds
Domain Reload Profiling:
	ReloadAssembly (945ms)
		BeginReloadAssembly (119ms)
			ExecutionOrderSort (0ms)
			DisableScriptedObjects (5ms)
			BackupInstance (0ms)
			ReleaseScriptingObjects (0ms)
			CreateAndSetChildDomain (19ms)
		EndReloadAssembly (726ms)
			LoadAssemblies (164ms)
			RebuildTransferFunctionScriptingTraits (0ms)
			SetupTypeCache (147ms)
			ReleaseScriptCaches (0ms)
			RebuildScriptCaches (46ms)
			SetupLoadedEditorAssemblies (363ms)
				LogAssemblyErrors (0ms)
				InitializePlatformSupportModulesInManaged (4ms)
				SetLoadedEditorAssemblies (0ms)
				RefreshPlugins (35ms)
				BeforeProcessingInitializeOnLoad (50ms)
				ProcessInitializeOnLoadAttributes (247ms)
				ProcessInitializeOnLoadMethodAttributes (20ms)
				AfterProcessingInitializeOnLoad (8ms)
				EditorAssembliesLoaded (0ms)
			ExecutionOrderSort2 (0ms)
			AwakeInstancesAfterBackupRestoration (5ms)
Platform modules already initialized, skipping
========================================================================
Worker process is ready to serve import requests
Launched and connected shader compiler UnityShaderCompiler.exe after 0.10 seconds
Refreshing native plugins compatible for Editor in 1.16 ms, found 6 plugins.
Preloading 0 native plugins for Editor in 0.00 ms.
Unloading 2171 Unused Serialized files (Serialized files now loaded: 0)
Unloading 42 unused Assets / (0.6 MB). Loaded Objects now: 2652.
Memory consumption went from 114.1 MB to 113.5 MB.
Total: 4.284200 ms (FindLiveObjects: 0.241800 ms CreateObjectMapping: 0.104700 ms MarkObjects: 3.500100 ms  DeleteObjects: 0.436600 ms)

AssetImportParameters requested are different than current active one (requested -> active):
  custom:video-decoder-ogg-theora: a1e56fd34408186e4bbccfd4996cb3dc -> 
  custom:container-muxer-webm: aa71ff27fc2769a1b78a27578f13a17b -> 
  custom:container-demuxer-webm: 4f35f7cbe854078d1ac9338744f61a02 -> 
  custom:video-encoder-webm-vp8: eb34c28f22e8b96e1ab97ce403110664 -> 
  custom:audio-encoder-webm-vorbis: bf7c407c2cedff20999df2af8eb42d56 -> 
  custom:framework-win-MediaFoundation: 216162199b28c13a410421893ffa2e32 -> 
  custom:container-demuxer-ogg: 62fdf1f143b41e24485cea50d1cbac27 -> 
  custom:video-decoder-webm-vp8: 9c59270c3fd7afecdb556c50c9e8de78 -> 
  custom:audio-decoder-ogg-vorbis: bf7c407c2cedff20999df2af8eb42d56 -> 
========================================================================
Received Import Request.
  Time since last request: 37060.063475 seconds.
  path: Assets/Terrain/lvl1_terrain.asset
  artifactKey: Guid(83925bf146009c24c960b530a08a24d0) Importer(815301076,1909f56bfc062723c751e8b465ee728b)
Start importing Assets/Terrain/lvl1_terrain.asset using Guid(83925bf146009c24c960b530a08a24d0) Importer(815301076,1909f56bfc062723c751e8b465ee728b)  -> (artifact id: 'be8050678576c562c0ddb23e3771a794') in 0.337102 seconds 
========================================================================
Received Import Request.
  Time since last request: 0.000043 seconds.
  path: Assets/Terrain/NewLayer.terrainlayer
  artifactKey: Guid(715e195e189d7b04589e2ba43c019cce) Importer(815301076,1909f56bfc062723c751e8b465ee728b)
Start importing Assets/Terrain/NewLayer.terrainlayer using Guid(715e195e189d7b04589e2ba43c019cce) Importer(815301076,1909f56bfc062723c751e8b465ee728b)  -> (artifact id: '997dbea6350fb7b12b4c222d92fa33a8') in 0.144991 seconds 
========================================================================
Received Import Request.
  Time since last request: 23.696940 seconds.
  path: Assets/Scenes/NewLayer 1.terrainlayer
  artifactKey: Guid(7a53f6f2cd492fe4287e03c20bf0f000) Importer(815301076,1909f56bfc062723c751e8b465ee728b)
Start importing Assets/Scenes/NewLayer 1.terrainlayer using Guid(7a53f6f2cd492fe4287e03c20bf0f000) Importer(815301076,1909f56bfc062723c751e8b465ee728b)  -> (artifact id: '880a2c61ed38137713c8c2cef980a976') in 0.037506 seconds 
========================================================================
Received Import Request.
  Time since last request: 0.000023 seconds.
  path: Assets/Scenes/NewLayer.terrainlayer
  artifactKey: Guid(52dc22832fecb5a4cadb48156a299a53) Importer(815301076,1909f56bfc062723c751e8b465ee728b)
Start importing Assets/Scenes/NewLayer.terrainlayer using Guid(52dc22832fecb5a4cadb48156a299a53) Importer(815301076,1909f56bfc062723c751e8b465ee728b)  -> (artifact id: 'c8b0c2438450a44383c7e02b06bcda5a') in 0.075081 seconds 
========================================================================
Received Import Request.
  Time since last request: 0.000018 seconds.
  path: Assets/Scenes/NewLayer 3.terrainlayer
  artifactKey: Guid(72880360a41a55242bb94b860866787f) Importer(815301076,1909f56bfc062723c751e8b465ee728b)
Start importing Assets/Scenes/NewLayer 3.terrainlayer using Guid(72880360a41a55242bb94b860866787f) Importer(815301076,1909f56bfc062723c751e8b465ee728b)  -> (artifact id: '5eed02d9f8d6107d8b6776ea3ce33889') in 0.068783 seconds 
========================================================================
Received Import Request.
  Time since last request: 25.997384 seconds.
  path: Assets/Scenes/SampleScene
  artifactKey: Guid(f1a0ba3428e247d44afdd2f6fd7758af) Importer(815301076,1909f56bfc062723c751e8b465ee728b)
Start importing Assets/Scenes/SampleScene using Guid(f1a0ba3428e247d44afdd2f6fd7758af) Importer(815301076,1909f56bfc062723c751e8b465ee728b)  -> (artifact id: '52ca3619a86c2e51eb20559e36514958') in 0.019286 seconds 
========================================================================
Received Import Request.
  Time since last request: 25.178698 seconds.
  path: Assets/Scenes/Lvl1.unity
  artifactKey: Guid(094689a80c8f4b04588c8c673f1defae) Importer(815301076,1909f56bfc062723c751e8b465ee728b)
Start importing Assets/Scenes/Lvl1.unity using Guid(094689a80c8f4b04588c8c673f1defae) Importer(815301076,1909f56bfc062723c751e8b465ee728b)  -> (artifact id: 'f38f33e825331cec9ca816f0b8fed0a6') in 0.024411 seconds 
========================================================================
Received Import Request.
  Time since last request: 0.847087 seconds.
  path: Assets/Scenes/Lvl2.unity
  artifactKey: Guid(cef1b653ba4bb21479306570bd37cd5e) Importer(815301076,1909f56bfc062723c751e8b465ee728b)
Start importing Assets/Scenes/Lvl2.unity using Guid(cef1b653ba4bb21479306570bd37cd5e) Importer(815301076,1909f56bfc062723c751e8b465ee728b)  -> (artifact id: '8ad33c48565528f401633ffbe2ba2af3') in 0.011881 seconds 
========================================================================
Received Import Request.
  Time since last request: 57.827221 seconds.
  path: Assets/Prefabs/Animal_Chicken_Brown Variant.prefab
  artifactKey: Guid(938ba4d4d76d5c34db56fd46ef36b37e) Importer(815301076,1909f56bfc062723c751e8b465ee728b)
Start importing Assets/Prefabs/Animal_Chicken_Brown Variant.prefab using Guid(938ba4d4d76d5c34db56fd46ef36b37e) Importer(815301076,1909f56bfc062723c751e8b465ee728b)  -> (artifact id: '45108f2f26e41d5b09c4ae3c6e173a88') in 0.289912 seconds 
========================================================================
Received Import Request.
  Time since last request: 0.000040 seconds.
  path: Assets/Prefabs/PlayerCharacter Variant.prefab
  artifactKey: Guid(781ac42ec0fe6344fa6abd91fe851924) Importer(815301076,1909f56bfc062723c751e8b465ee728b)
Start importing Assets/Prefabs/PlayerCharacter Variant.prefab using Guid(781ac42ec0fe6344fa6abd91fe851924) Importer(815301076,1909f56bfc062723c751e8b465ee728b)  -> (artifact id: 'aaeca3701f75f92948557cf5b6d2f519') in 0.071726 seconds 
========================================================================
Received Import Request.
  Time since last request: 0.000079 seconds.
  path: Assets/Prefabs/EA04_Env_Rocks_Gray_01c_PRE.prefab
  artifactKey: Guid(39cc16b8d5718454486b29a78462b360) Importer(815301076,1909f56bfc062723c751e8b465ee728b)
Start importing Assets/Prefabs/EA04_Env_Rocks_Gray_01c_PRE.prefab using Guid(39cc16b8d5718454486b29a78462b360) Importer(815301076,1909f56bfc062723c751e8b465ee728b)  -> (artifact id: '1cd6a0b18ceb7f869907b058311cb0a0') in 0.223751 seconds 
Editor requested this worker to shutdown with reason: Scaling down because of idle timeout
AssetImportWorker is now disconnected from the server
Process exiting
Exiting without the bug reporter. Application will terminate with return code 0